0 info it worked if it ends with ok
1 verbose cli [ 'C:\\Program Files\\nodejs\\node.exe',
1 verbose cli   'C:\\Program Files\\nodejs\\node_modules\\npm\\bin\\npm-cli.js',
1 verbose cli   'remove',
1 verbose cli   'react-router' ]
2 info using npm@2.14.7
3 info using node@v4.2.1
4 verbose unbuild node_modules\react-router
5 silly gentlyRm C:\proj\nodereact\node_modules\react-router is being purged from base C:\proj\nodereact
6 verbose gentlyRm don't care about contents; nuking C:\proj\nodereact\node_modules\react-router
7 silly vacuum-fs purging C:\proj\nodereact\node_modules\react-router
8 verbose stack Error: EPERM: operation not permitted, unlink 'C:\proj\nodereact\node_modules\react-router\node_modules'
8 verbose stack     at Error (native)
9 verbose cwd C:\proj\nodereact
10 error Windows_NT 6.3.9600
11 error argv "C:\\Program Files\\nodejs\\node.exe" "C:\\Program Files\\nodejs\\node_modules\\npm\\bin\\npm-cli.js" "remove" "react-router"
12 error node v4.2.1
13 error npm  v2.14.7
14 error path C:\proj\nodereact\node_modules\react-router\node_modules
15 error code EPERM
16 error errno -4048
17 error syscall unlink
18 error Error: EPERM: operation not permitted, unlink 'C:\proj\nodereact\node_modules\react-router\node_modules'
18 error     at Error (native)
18 error  { [Error: EPERM: operation not permitted, unlink 'C:\proj\nodereact\node_modules\react-router\node_modules']
18 error   errno: -4048,
18 error   code: 'EPERM',
18 error   syscall: 'unlink',
18 error   path: 'C:\\proj\\nodereact\\node_modules\\react-router\\node_modules' }
19 error Please try running this command again as root/Administrator.
20 verbose exit [ -4048, true ]
